<?xml version="1.0" encoding="UTF-8"?>
<testsuite name="com.byebye.chapterTwo.ChapterTwoApplicationTests" tests="1" skipped="0" failures="0" errors="0" timestamp="2024-08-26T01:00:21" hostname="yunse-ug-ui-MacBookPro.local" time="0.247">
  <properties/>
  <testcase name="contextLoads()" classname="com.byebye.chapterTwo.ChapterTwoApplicationTests" time="0.247"/>
  <system-out><![CDATA[10:00:18.763 [Test worker] INFO org.springframework.test.context.support.AnnotationConfigContextLoaderUtils -- Could not detect default configuration classes for test class [com.byebye.chapterTwo.ChapterTwoApplicationTests]: ChapterTwoApplicationTests does not declare any static, non-private, non-final, nested classes annotated with @Configuration.
10:00:18.801 [Test worker] INFO org.springframework.boot.test.context.SpringBootTestContextBootstrapper -- Found @SpringBootConfiguration com.byebye.chapterTwo.ChapterTwoApplication for test class com.byebye.chapterTwo.ChapterTwoApplicationTests

  .   ____          _            __ _ _
 /\\ / ___'_ __ _ _(_)_ __  __ _ \ \ \ \
( ( )\___ | '_ | '_| | '_ \/ _` | \ \ \ \
 \\/  ___)| |_)| | | | | || (_| |  ) ) ) )
  '  |____| .__|_| |_|_| |_\__, | / / / /
 =========|_|==============|___/=/_/_/_/

 :: Spring Boot ::                (v3.3.3)

2024-08-26T10:00:18.938+09:00  INFO 90448 --- [chapter2] [    Test worker] c.b.c.ChapterTwoApplicationTests         : Starting ChapterTwoApplicationTests using Java 17.0.9 with PID 90448 (started by dgsw8th18 in /Users/dgsw8th18/Desktop/project/HackerGround/server)
2024-08-26T10:00:18.938+09:00  INFO 90448 --- [chapter2] [    Test worker] c.b.c.ChapterTwoApplicationTests         : No active profile set, falling back to 1 default profile: "default"
2024-08-26T10:00:19.242+09:00  INFO 90448 --- [chapter2] [    Test worker] .s.d.r.c.RepositoryConfigurationDelegate : Multiple Spring Data modules found, entering strict repository configuration mode
2024-08-26T10:00:19.243+09:00  INFO 90448 --- [chapter2] [    Test worker] .s.d.r.c.RepositoryConfigurationDelegate : Bootstrapping Spring Data JDBC repositories in DEFAULT mode.
2024-08-26T10:00:19.257+09:00  INFO 90448 --- [chapter2] [    Test worker] .RepositoryConfigurationExtensionSupport : Spring Data JDBC - Could not safely identify store assignment for repository candidate interface com.byebye.chapterTwo.domain.gooin.repository.GooinRepository; If you want this repository to be a JDBC repository, consider annotating your entities with one of these annotations: org.springframework.data.relational.core.mapping.Table.
2024-08-26T10:00:19.257+09:00  INFO 90448 --- [chapter2] [    Test worker] .RepositoryConfigurationExtensionSupport : Spring Data JDBC - Could not safely identify store assignment for repository candidate interface com.byebye.chapterTwo.domain.member.adapter.out.repository.MemberRepository; If you want this repository to be a JDBC repository, consider annotating your entities with one of these annotations: org.springframework.data.relational.core.mapping.Table.
2024-08-26T10:00:19.257+09:00  INFO 90448 --- [chapter2] [    Test worker] .s.d.r.c.RepositoryConfigurationDelegate : Finished Spring Data repository scanning in 13 ms. Found 0 JDBC repository interfaces.
2024-08-26T10:00:19.261+09:00  INFO 90448 --- [chapter2] [    Test worker] .s.d.r.c.RepositoryConfigurationDelegate : Multiple Spring Data modules found, entering strict repository configuration mode
2024-08-26T10:00:19.262+09:00  INFO 90448 --- [chapter2] [    Test worker] .s.d.r.c.RepositoryConfigurationDelegate : Bootstrapping Spring Data JPA repositories in DEFAULT mode.
2024-08-26T10:00:19.277+09:00  INFO 90448 --- [chapter2] [    Test worker] .s.d.r.c.RepositoryConfigurationDelegate : Finished Spring Data repository scanning in 14 ms. Found 2 JPA repository interfaces.
2024-08-26T10:00:19.454+09:00  INFO 90448 --- [chapter2] [    Test worker] o.hibernate.jpa.internal.util.LogHelper  : HHH000204: Processing PersistenceUnitInfo [name: default]
2024-08-26T10:00:19.473+09:00  INFO 90448 --- [chapter2] [    Test worker] org.hibernate.Version                    : HHH000412: Hibernate ORM core version 6.5.2.Final
2024-08-26T10:00:19.484+09:00  INFO 90448 --- [chapter2] [    Test worker] o.h.c.internal.RegionFactoryInitiator    : HHH000026: Second-level cache disabled
2024-08-26T10:00:19.578+09:00  INFO 90448 --- [chapter2] [    Test worker] o.s.o.j.p.SpringPersistenceUnitInfo      : No LoadTimeWeaver setup: ignoring JPA class transformer
2024-08-26T10:00:19.588+09:00  INFO 90448 --- [chapter2] [    Test worker] com.zaxxer.hikari.HikariDataSource       : HikariPool-1 - Starting...
2024-08-26T10:00:20.105+09:00  INFO 90448 --- [chapter2] [    Test worker] com.zaxxer.hikari.pool.HikariPool        : HikariPool-1 - Added connection com.mysql.cj.jdbc.ConnectionImpl@5ea9373e
2024-08-26T10:00:20.106+09:00  INFO 90448 --- [chapter2] [    Test worker] com.zaxxer.hikari.HikariDataSource       : HikariPool-1 - Start completed.
2024-08-26T10:00:20.191+09:00  WARN 90448 --- [chapter2] [    Test worker] org.hibernate.orm.deprecation            : HHH90000025: MySQLDialect does not need to be specified explicitly using 'hibernate.dialect' (remove the property setting and it will be selected by default)
2024-08-26T10:00:20.471+09:00  INFO 90448 --- [chapter2] [    Test worker] o.h.e.t.j.p.i.JtaPlatformInitiator       : HHH000489: No JTA platform available (set 'hibernate.transaction.jta.platform' to enable JTA platform integration)
2024-08-26T10:00:20.558+09:00  INFO 90448 --- [chapter2] [    Test worker] j.LocalContainerEntityManagerFactoryBean : Initialized JPA EntityManagerFactory for persistence unit 'default'
2024-08-26T10:00:20.655+09:00  WARN 90448 --- [chapter2] [    Test worker] .s.s.UserDetailsServiceAutoConfiguration : 

Using generated security password: b980c9e2-cdc6-41e0-9166-c1841563cd51

This generated password is for development use only. Your security configuration must be updated before running your application in production.

2024-08-26T10:00:20.757+09:00  WARN 90448 --- [chapter2] [    Test worker] JpaBaseConfiguration$JpaWebConfiguration : spring.jpa.open-in-view is enabled by default. Therefore, database queries may be performed during view rendering. Explicitly configure spring.jpa.open-in-view to disable this warning
2024-08-26T10:00:20.764+09:00  INFO 90448 --- [chapter2] [    Test worker] r$InitializeUserDetailsManagerConfigurer : Global AuthenticationManager configured with UserDetailsService bean with name inMemoryUserDetailsManager
2024-08-26T10:00:21.329+09:00  INFO 90448 --- [chapter2] [    Test worker] c.b.c.ChapterTwoApplicationTests         : Started ChapterTwoApplicationTests in 2.475 seconds (process running for 2.864)
]]></system-out>
  <system-err><![CDATA[]]></system-err>
</testsuite>
